This is pdfTeX, Version 3.14159265-2.6-1.40.16 (TeX Live 2015) (preloaded format=pdflatex 2015.11.1)  5 SEP 2018 13:39
entering extended mode
 restricted \write18 enabled.
 %&-line parsing enabled.
**thesis_template.tex
(./thesis_template.tex
LaTeX2e <2015/01/01>
Babel <3.9l> and hyphenation patterns for 79 languages loaded.
(/usr/local/texlive/2015/texmf-dist/tex/latex/base/book.cls
Document Class: book 2014/09/29 v1.4h Standard LaTeX document class
(/usr/local/texlive/2015/texmf-dist/tex/latex/base/bk12.clo
File: bk12.clo 2014/09/29 v1.4h Standard LaTeX file (size option)
)
\c@part=\count79
\c@chapter=\count80
\c@section=\count81
\c@subsection=\count82
\c@subsubsection=\count83
\c@paragraph=\count84
\c@subparagraph=\count85
\c@figure=\count86
\c@table=\count87
\abovecaptionskip=\skip41
\belowcaptionskip=\skip42
\bibindent=\dimen102
)
(./style/thesis_style.tex
(/usr/local/texlive/2015/texmf-dist/tex/latex/base/inputenc.sty
Package: inputenc 2015/03/17 v1.2c Input encoding file
\inpenc@prehook=\toks14
\inpenc@posthook=\toks15

(/usr/local/texlive/2015/texmf-dist/tex/latex/ucs/utf8x.def
File: utf8x.def 2004/10/17 UCS: Input encoding UTF-8
))
(/usr/local/texlive/2015/texmf-dist/tex/latex/ucs/ucs.sty
Package: ucs 2013/05/11 v2.2 UCS: Unicode input support

(/usr/local/texlive/2015/texmf-dist/tex/latex/ucs/data/uni-global.def
File: uni-global.def 2013/05/13 UCS: Unicode global data
)
\uc@secondtry=\count88
\uc@combtoks=\toks16
\uc@combtoksb=\toks17
\uc@temptokena=\toks18
)
(/usr/local/texlive/2015/texmf-dist/tex/generic/babel/babel.sty
Package: babel 2014/09/25 3.9l The Babel package

(/usr/local/texlive/2015/texmf-dist/tex/generic/babel-slovenian/slovene.ldf
Language: slovene 2005/03/31 v1.2m Slovene support from the babel system

(/usr/local/texlive/2015/texmf-dist/tex/generic/babel/babel.def
File: babel.def 2014/09/25 3.9l Babel common definitions
\babel@savecnt=\count89
\U@D=\dimen103
)
Package babel Info: Making " an active character on input line 79.
)
(/usr/local/texlive/2015/texmf-dist/tex/generic/babel-english/english.ldf
Language: english 2012/08/20 v3.3p English support from the babel system
\l@canadian = a dialect from \language\l@american 
\l@australian = a dialect from \language\l@british 
\l@newzealand = a dialect from \language\l@british 
))
(/usr/local/texlive/2015/texmf-dist/tex/latex/fancyhdr/fancyhdr.sty
\fancy@headwidth=\skip43
\f@ncyO@elh=\skip44
\f@ncyO@erh=\skip45
\f@ncyO@olh=\skip46
\f@ncyO@orh=\skip47
\f@ncyO@elf=\skip48
\f@ncyO@erf=\skip49
\f@ncyO@olf=\skip50
\f@ncyO@orf=\skip51
)
(/usr/local/texlive/2015/texmf-dist/tex/latex/graphics/graphicx.sty
Package: graphicx 2014/10/28 v1.0g Enhanced LaTeX Graphics (DPC,SPQR)

(/usr/local/texlive/2015/texmf-dist/tex/latex/graphics/keyval.sty
Package: keyval 2014/10/28 v1.15 key=value parser (DPC)
\KV@toks@=\toks19
)
(/usr/local/texlive/2015/texmf-dist/tex/latex/graphics/graphics.sty
Package: graphics 2014/10/28 v1.0p Standard LaTeX Graphics (DPC,SPQR)

(/usr/local/texlive/2015/texmf-dist/tex/latex/graphics/trig.sty
Package: trig 1999/03/16 v1.09 sin cos tan (DPC)
)
(/usr/local/texlive/2015/texmf-dist/tex/latex/latexconfig/graphics.cfg
File: graphics.cfg 2010/04/23 v1.9 graphics configuration of TeX Live
)
Package graphics Info: Driver file: pdftex.def on input line 94.

(/usr/local/texlive/2015/texmf-dist/tex/latex/pdftex-def/pdftex.def
File: pdftex.def 2011/05/27 v0.06d Graphics/color for pdfTeX

(/usr/local/texlive/2015/texmf-dist/tex/generic/oberdiek/infwarerr.sty
Package: infwarerr 2010/04/08 v1.3 Providing info/warning/error messages (HO)
)
(/usr/local/texlive/2015/texmf-dist/tex/generic/oberdiek/ltxcmds.sty
Package: ltxcmds 2011/11/09 v1.22 LaTeX kernel commands for general use (HO)
)
\Gread@gobject=\count90
))
\Gin@req@height=\dimen104
\Gin@req@width=\dimen105
)
(/usr/local/texlive/2015/texmf-dist/tex/latex/caption/caption.sty
Package: caption 2013/05/02 v3.3-89 Customizing captions (AR)

(/usr/local/texlive/2015/texmf-dist/tex/latex/caption/caption3.sty
Package: caption3 2013/05/02 v1.6-88 caption3 kernel (AR)
Package caption3 Info: TeX engine: e-TeX on input line 57.
\captionmargin=\dimen106
\captionmargin@=\dimen107
\captionwidth=\dimen108
\caption@tempdima=\dimen109
\caption@indent=\dimen110
\caption@parindent=\dimen111
\caption@hangindent=\dimen112
)
\c@ContinuedFloat=\count91
)
(/usr/local/texlive/2015/texmf-dist/tex/latex/algorithmicx/algpseudocode.sty
Package: algpseudocode 

(/usr/local/texlive/2015/texmf-dist/tex/latex/base/ifthen.sty
Package: ifthen 2014/09/29 v1.1c Standard LaTeX ifthen package (DPC)
)
(/usr/local/texlive/2015/texmf-dist/tex/latex/algorithmicx/algorithmicx.sty
Package: algorithmicx 2005/04/27 v1.2 Algorithmicx

Document Style algorithmicx 1.2 - a greatly improved `algorithmic' style
\c@ALG@line=\count92
\c@ALG@rem=\count93
\c@ALG@nested=\count94
\ALG@tlm=\skip52
\ALG@thistlm=\skip53
\c@ALG@Lnr=\count95
\c@ALG@blocknr=\count96
\c@ALG@storecount=\count97
\c@ALG@tmpcounter=\count98
\ALG@tmplength=\skip54
)
Document Style - pseudocode environments for use with the `algorithmicx' style
) (/usr/local/texlive/2015/texmf-dist/tex/latex/algorithms/algorithm.sty
Package: algorithm 2009/08/24 v0.1 Document Style `algorithm' - floating enviro
nment

(/usr/local/texlive/2015/texmf-dist/tex/latex/float/float.sty
Package: float 2001/11/08 v1.3d Float enhancements (AL)
\c@float@type=\count99
\float@exts=\toks20
\float@box=\box26
\@float@everytoks=\toks21
\@floatcapt=\box27
)
\@float@every@algorithm=\toks22
\c@algorithm=\count100
)
(/usr/local/texlive/2015/texmf-dist/tex/latex/hyperref/hyperref.sty
Package: hyperref 2012/11/06 v6.83m Hypertext links for LaTeX

(/usr/local/texlive/2015/texmf-dist/tex/generic/oberdiek/hobsub-hyperref.sty
Package: hobsub-hyperref 2012/05/28 v1.13 Bundle oberdiek, subset hyperref (HO)


(/usr/local/texlive/2015/texmf-dist/tex/generic/oberdiek/hobsub-generic.sty
Package: hobsub-generic 2012/05/28 v1.13 Bundle oberdiek, subset generic (HO)
Package: hobsub 2012/05/28 v1.13 Construct package bundles (HO)
Package hobsub Info: Skipping package `infwarerr' (already loaded).
Package hobsub Info: Skipping package `ltxcmds' (already loaded).
Package: ifluatex 2010/03/01 v1.3 Provides the ifluatex switch (HO)
Package ifluatex Info: LuaTeX not detected.
Package: ifvtex 2010/03/01 v1.5 Detect VTeX and its facilities (HO)
Package ifvtex Info: VTeX not detected.
Package: intcalc 2007/09/27 v1.1 Expandable calculations with integers (HO)
Package: ifpdf 2011/01/30 v2.3 Provides the ifpdf switch (HO)
Package ifpdf Info: pdfTeX in PDF mode is detected.
Package: etexcmds 2011/02/16 v1.5 Avoid name clashes with e-TeX commands (HO)
Package etexcmds Info: Could not find \expanded.
(etexcmds)             That can mean that you are not using pdfTeX 1.50 or
(etexcmds)             that some package has redefined \expanded.
(etexcmds)             In the latter case, load this package earlier.
Package: kvsetkeys 2012/04/25 v1.16 Key value parser (HO)
Package: kvdefinekeys 2011/04/07 v1.3 Define keys (HO)
Package: pdftexcmds 2011/11/29 v0.20 Utility functions of pdfTeX for LuaTeX (HO
)
Package pdftexcmds Info: LuaTeX not detected.
Package pdftexcmds Info: \pdf@primitive is available.
Package pdftexcmds Info: \pdf@ifprimitive is available.
Package pdftexcmds Info: \pdfdraftmode found.
Package: pdfescape 2011/11/25 v1.13 Implements pdfTeX's escape features (HO)
Package: bigintcalc 2012/04/08 v1.3 Expandable calculations on big integers (HO
)
Package: bitset 2011/01/30 v1.1 Handle bit-vector datatype (HO)
Package: uniquecounter 2011/01/30 v1.2 Provide unlimited unique counter (HO)
)
Package hobsub Info: Skipping package `hobsub' (already loaded).
Package: letltxmacro 2010/09/02 v1.4 Let assignment for LaTeX macros (HO)
Package: hopatch 2012/05/28 v1.2 Wrapper for package hooks (HO)
Package: xcolor-patch 2011/01/30 xcolor patch
Package: atveryend 2011/06/30 v1.8 Hooks at the very end of document (HO)
Package atveryend Info: \enddocument detected (standard20110627).
Package: atbegshi 2011/10/05 v1.16 At begin shipout hook (HO)
Package: refcount 2011/10/16 v3.4 Data extraction from label references (HO)
Package: hycolor 2011/01/30 v1.7 Color options for hyperref/bookmark (HO)
)
(/usr/local/texlive/2015/texmf-dist/tex/generic/ifxetex/ifxetex.sty
Package: ifxetex 2010/09/12 v0.6 Provides ifxetex conditional
)
(/usr/local/texlive/2015/texmf-dist/tex/latex/oberdiek/auxhook.sty
Package: auxhook 2011/03/04 v1.3 Hooks for auxiliary files (HO)
)
(/usr/local/texlive/2015/texmf-dist/tex/latex/oberdiek/kvoptions.sty
Package: kvoptions 2011/06/30 v3.11 Key value format for package options (HO)
)
\@linkdim=\dimen113
\Hy@linkcounter=\count101
\Hy@pagecounter=\count102

(/usr/local/texlive/2015/texmf-dist/tex/latex/hyperref/pd1enc.def
File: pd1enc.def 2012/11/06 v6.83m Hyperref: PDFDocEncoding definition (HO)
)
\Hy@SavedSpaceFactor=\count103

(/usr/local/texlive/2015/texmf-dist/tex/latex/latexconfig/hyperref.cfg
File: hyperref.cfg 2002/06/06 v1.2 hyperref configuration of TeXLive
)
Package hyperref Info: Hyper figures OFF on input line 4443.
Package hyperref Info: Link nesting OFF on input line 4448.
Package hyperref Info: Hyper index ON on input line 4451.
Package hyperref Info: Plain pages OFF on input line 4458.
Package hyperref Info: Backreferencing OFF on input line 4463.
Package hyperref Info: Implicit mode ON; LaTeX internals redefined.
Package hyperref Info: Bookmarks ON on input line 4688.
\c@Hy@tempcnt=\count104

(/usr/local/texlive/2015/texmf-dist/tex/latex/url/url.sty
\Urlmuskip=\muskip10
Package: url 2013/09/16  ver 3.4  Verb mode for urls, etc.
)
LaTeX Info: Redefining \url on input line 5041.
\XeTeXLinkMargin=\dimen114
\Fld@menulength=\count105
\Field@Width=\dimen115
\Fld@charsize=\dimen116
Package hyperref Info: Hyper figures OFF on input line 6295.
Package hyperref Info: Link nesting OFF on input line 6300.
Package hyperref Info: Hyper index ON on input line 6303.
Package hyperref Info: backreferencing OFF on input line 6310.
Package hyperref Info: Link coloring OFF on input line 6315.
Package hyperref Info: Link coloring with OCG OFF on input line 6320.
Package hyperref Info: PDF/A mode OFF on input line 6325.
LaTeX Info: Redefining \ref on input line 6365.
LaTeX Info: Redefining \pageref on input line 6369.
\Hy@abspage=\count106
\c@Item=\count107
\c@Hfootnote=\count108
)

Package hyperref Message: Driver (autodetected): hpdftex.

(/usr/local/texlive/2015/texmf-dist/tex/latex/hyperref/hpdftex.def
File: hpdftex.def 2012/11/06 v6.83m Hyperref driver for pdfTeX
\Fld@listcount=\count109
\c@bookmark@seq@number=\count110

(/usr/local/texlive/2015/texmf-dist/tex/latex/oberdiek/rerunfilecheck.sty
Package: rerunfilecheck 2011/04/15 v1.7 Rerun checks for auxiliary files (HO)
Package uniquecounter Info: New unique counter `rerunfilecheck' on input line 2
82.
)
\Hy@SectionHShift=\skip55
)
(/usr/local/texlive/2015/texmf-dist/tex/latex/oberdiek/hypcap.sty
Package: hypcap 2011/02/16 v1.11 Adjusting the anchors of captions (HO)
)
(/usr/local/texlive/2015/texmf-dist/tex/latex/xcolor/xcolor.sty
Package: xcolor 2007/01/21 v2.11 LaTeX color extensions (UK)

(/usr/local/texlive/2015/texmf-dist/tex/latex/latexconfig/color.cfg
File: color.cfg 2007/01/18 v1.5 color configuration of teTeX/TeXLive
)
Package xcolor Info: Driver file: pdftex.def on input line 225.
Package xcolor Info: Model `cmy' substituted by `cmy0' on input line 1337.
Package xcolor Info: Model `hsb' substituted by `rgb' on input line 1341.
Package xcolor Info: Model `RGB' extended on input line 1353.
Package xcolor Info: Model `HTML' substituted by `rgb' on input line 1355.
Package xcolor Info: Model `Hsb' substituted by `hsb' on input line 1356.
Package xcolor Info: Model `tHsb' substituted by `hsb' on input line 1357.
Package xcolor Info: Model `HSB' substituted by `hsb' on input line 1358.
Package xcolor Info: Model `Gray' substituted by `gray' on input line 1359.
Package xcolor Info: Model `wave' substituted by `hsb' on input line 1360.
)
(/usr/local/texlive/2015/texmf-dist/tex/latex/booktabs/booktabs.sty
Package: booktabs 2005/04/14 v1.61803 publication quality tables
\heavyrulewidth=\dimen117
\lightrulewidth=\dimen118
\cmidrulewidth=\dimen119
\belowrulesep=\dimen120
\belowbottomsep=\dimen121
\aboverulesep=\dimen122
\abovetopsep=\dimen123
\cmidrulesep=\dimen124
\cmidrulekern=\dimen125
\defaultaddspace=\dimen126
\@cmidla=\count111
\@cmidlb=\count112
\@aboverulesep=\dimen127
\@belowrulesep=\dimen128
\@thisruleclass=\count113
\@lastruleclass=\count114
\@thisrulewidth=\dimen129
)
(/usr/local/texlive/2015/texmf-dist/tex/latex/amsfonts/amssymb.sty
Package: amssymb 2013/01/14 v3.01 AMS font symbols

(/usr/local/texlive/2015/texmf-dist/tex/latex/amsfonts/amsfonts.sty
Package: amsfonts 2013/01/14 v3.01 Basic AMSFonts support
\@emptytoks=\toks23
\symAMSa=\mathgroup4
\symAMSb=\mathgroup5
LaTeX Font Info:    Overwriting math alphabet `\mathfrak' in version `bold'
(Font)                  U/euf/m/n --> U/euf/b/n on input line 106.
))
(/usr/local/texlive/2015/texmf-dist/tex/latex/amsmath/amsmath.sty
Package: amsmath 2013/01/14 v2.14 AMS math features
\@mathmargin=\skip56

For additional information on amsmath, use the `?' option.
(/usr/local/texlive/2015/texmf-dist/tex/latex/amsmath/amstext.sty
Package: amstext 2000/06/29 v2.01

(/usr/local/texlive/2015/texmf-dist/tex/latex/amsmath/amsgen.sty
File: amsgen.sty 1999/11/30 v2.0
\@emptytoks=\toks24
\ex@=\dimen130
))
(/usr/local/texlive/2015/texmf-dist/tex/latex/amsmath/amsbsy.sty
Package: amsbsy 1999/11/29 v1.2d
\pmbraise@=\dimen131
)
(/usr/local/texlive/2015/texmf-dist/tex/latex/amsmath/amsopn.sty
Package: amsopn 1999/12/14 v2.01 operator names
)
\inf@bad=\count115
LaTeX Info: Redefining \frac on input line 210.
\uproot@=\count116
\leftroot@=\count117
LaTeX Info: Redefining \overline on input line 306.
\classnum@=\count118
\DOTSCASE@=\count119
LaTeX Info: Redefining \ldots on input line 378.
LaTeX Info: Redefining \dots on input line 381.
LaTeX Info: Redefining \cdots on input line 466.
\Mathstrutbox@=\box28
\strutbox@=\box29
\big@size=\dimen132
LaTeX Font Info:    Redeclaring font encoding OML on input line 566.
LaTeX Font Info:    Redeclaring font encoding OMS on input line 567.
\macc@depth=\count120
\c@MaxMatrixCols=\count121
\dotsspace@=\muskip11
\c@parentequation=\count122
\dspbrk@lvl=\count123
\tag@help=\toks25
\row@=\count124
\column@=\count125
\maxfields@=\count126
\andhelp@=\toks26
\eqnshift@=\dimen133
\alignsep@=\dimen134
\tagshift@=\dimen135
\tagwidth@=\dimen136
\totwidth@=\dimen137
\lineht@=\dimen138
\@envbody=\toks27
\multlinegap=\skip57
\multlinetaggap=\skip58
\mathdisplay@stack=\toks28
LaTeX Info: Redefining \[ on input line 2665.
LaTeX Info: Redefining \] on input line 2666.
)
(/usr/local/texlive/2015/texmf-dist/tex/latex/tools/verbatim.sty
Package: verbatim 2014/10/28 v1.5q LaTeX2e package for verbatim enhancements
\every@verbatim=\toks29
\verbatim@line=\toks30
\verbatim@in@stream=\read1
)
(/usr/local/texlive/2015/texmf-dist/tex/latex/oberdiek/pdflscape.sty
Package: pdflscape 2008/08/11 v0.10 Display of landscape pages in PDF (HO)

(/usr/local/texlive/2015/texmf-dist/tex/latex/graphics/lscape.sty
Package: lscape 2000/10/22 v3.01 Landscape Pages (DPC)
)
Package pdflscape Info: Auto-detected driver: pdftex on input line 80.
)
(/usr/local/texlive/2015/texmf-dist/tex/latex/colortbl/colortbl.sty
Package: colortbl 2012/02/13 v1.0a Color table columns (DPC)

(/usr/local/texlive/2015/texmf-dist/tex/latex/tools/array.sty
Package: array 2014/10/28 v2.4c Tabular extension package (FMi)
\col@sep=\dimen139
\extrarowheight=\dimen140
\NC@list=\toks31
\extratabsurround=\skip59
\backup@length=\skip60
)
\everycr=\toks32
\minrowclearance=\skip61
))
(./style/thesis_front_pages.tex
(/usr/local/texlive/2015/texmf-dist/tex/latex/ucs/data/uni-1.def
File: uni-1.def 2013/05/13 UCS: Unicode data U+0100..U+01FF
)

Package hyperref Warning: Composite letter `\textasciicaron+c'
(hyperref)                not defined in PD1 encoding,
(hyperref)                removing `\textasciicaron' on input line 11.

\countA=\count127
(/usr/local/texlive/2015/texmf-dist/tex/latex/xmpincl/xmpincl.sty
Package: xmpincl 2008/05/10 v2.2 Include XMP data in pdflatex
)
Package hyperref Info: Option `colorlinks' set `true' on input line 88.
\c@izrek=\count128
\c@trditev=\count129

(./thesis_template.aux

LaTeX Warning: Label `fig:squ_fail' multiply defined.

)
\openout1 = `thesis_template.aux'.

LaTeX Font Info:    Checking defaults for OML/cmm/m/it on input line 116.
LaTeX Font Info:    ... okay on input line 116.
LaTeX Font Info:    Checking defaults for T1/cmr/m/n on input line 116.
LaTeX Font Info:    ... okay on input line 116.
LaTeX Font Info:    Checking defaults for OT1/cmr/m/n on input line 116.
LaTeX Font Info:    ... okay on input line 116.
LaTeX Font Info:    Checking defaults for OMS/cmsy/m/n on input line 116.
LaTeX Font Info:    ... okay on input line 116.
LaTeX Font Info:    Checking defaults for OMX/cmex/m/n on input line 116.
LaTeX Font Info:    ... okay on input line 116.
LaTeX Font Info:    Checking defaults for U/cmr/m/n on input line 116.
LaTeX Font Info:    ... okay on input line 116.
LaTeX Font Info:    Checking defaults for PD1/pdf/m/n on input line 116.
LaTeX Font Info:    ... okay on input line 116.
 (/usr/local/texlive/2015/texmf-dist/tex/latex/ucs/ucsencs.def
File: ucsencs.def 2011/01/21 Fixes to fontencodings LGR, T3
)
(/usr/local/texlive/2015/texmf-dist/tex/context/base/supp-pdf.mkii
[Loading MPS to PDF converter (version 2006.09.02).]
\scratchcounter=\count130
\scratchdimen=\dimen141
\scratchbox=\box30
\nofMPsegments=\count131
\nofMParguments=\count132
\everyMPshowfont=\toks33
\MPscratchCnt=\count133
\MPscratchDim=\dimen142
\MPnumerator=\count134
\makeMPintoPDFobject=\count135
\everyMPtoPDFconversion=\toks34
) (/usr/local/texlive/2015/texmf-dist/tex/latex/oberdiek/epstopdf-base.sty
Package: epstopdf-base 2010/02/09 v2.5 Base part for package epstopdf

(/usr/local/texlive/2015/texmf-dist/tex/latex/oberdiek/grfext.sty
Package: grfext 2010/08/19 v1.1 Manage graphics extensions (HO)
)
Package grfext Info: Graphics extension search list:
(grfext)             [.png,.pdf,.jpg,.mps,.jpeg,.jbig2,.jb2,.PNG,.PDF,.JPG,.JPE
G,.JBIG2,.JB2,.eps]
(grfext)             \AppendGraphicsExtensions on input line 452.

(/usr/local/texlive/2015/texmf-dist/tex/latex/latexconfig/epstopdf-sys.cfg
File: epstopdf-sys.cfg 2010/07/13 v1.3 Configuration of (r)epstopdf for TeX Liv
e
))
Package caption Info: Begin \AtBeginDocument code.
Package caption Info: float package is loaded.
Package caption Info: hyperref package is loaded.
Package caption Info: hypcap package is loaded.
Package caption Info: End \AtBeginDocument code.
\AtBeginShipoutBox=\box31
Package hyperref Info: Link coloring ON on input line 116.

(/usr/local/texlive/2015/texmf-dist/tex/latex/hyperref/nameref.sty
Package: nameref 2012/10/27 v2.43 Cross-referencing by name of section

(/usr/local/texlive/2015/texmf-dist/tex/generic/oberdiek/gettitlestring.sty
Package: gettitlestring 2010/12/03 v1.4 Cleanup title references (HO)
)
\c@section@level=\count136
)
LaTeX Info: Redefining \ref on input line 116.
LaTeX Info: Redefining \pageref on input line 116.
LaTeX Info: Redefining \nameref on input line 116.

(./thesis_template.out) (./thesis_template.out)
\@outlinefile=\write3
\openout3 = `thesis_template.out'.


(./front_pages/slo/naslovnica.tex) [1

{/usr/local/texlive/2015/texmf-var/fonts/map/pdftex/updmap/pdftex.map}]pdfTeX w
arning (ext4): destination with the same identifier (name{page.}) has been alre
ady used, duplicate ignored
<to be read again> 
                   \relax 
l.129 ...ges/slo/naslovnica} \clearemptydoublepage
                                                   [2

]
(./front_pages/slo/avtorske_pravice.tex
LaTeX Font Info:    Try loading font information for U+msa on input line 4.

(/usr/local/texlive/2015/texmf-dist/tex/latex/amsfonts/umsa.fd
File: umsa.fd 2013/01/14 v3.01 AMS symbols A
)
LaTeX Font Info:    Try loading font information for U+msb on input line 4.

(/usr/local/texlive/2015/texmf-dist/tex/latex/amsfonts/umsb.fd
File: umsb.fd 2013/01/14 v3.01 AMS symbols B
)

LaTeX Warning: Citation `licence' on page  undefined on input line 4.


Overfull \hbox (9.57494pt too wide) in paragraph at lines 3--5
\OT1/cmr/m/n/10 Fakul-tete za ra-^^Tcu-nal-ni^^Ts-tvo in in-for-matiko Uni-verz
e v Ljubl-jani. Za ob-javl-janje ali izkori^^Ts^^Tcanje
 []

LaTeX Font Info:    Try loading font information for OMS+cmr on input line 6.
(/usr/local/texlive/2015/texmf-dist/tex/latex/base/omscmr.fd
File: omscmr.fd 2014/09/29 v2.5h Standard LaTeX font definitions
)
LaTeX Font Info:    Font shape `OMS/cmr/m/sc' in size <10> not available
(Font)              Font shape `OMS/cmsy/m/n' tried instead on input line 6.
LaTeX Font Info:    Font shape `OMS/cmr/m/n' in size <10> not available
(Font)              Font shape `OMS/cmsy/m/n' tried instead on input line 6.
)pdfTeX warning (ext4): destination with the same identifier (name{page.}) has 
been already used, duplicate ignored
<to be read again> 
                   \relax 
l.131 ...o/avtorske_pravice} \clearemptydoublepage
                                                   [3]pdfTeX warning (ext4): de
stination with the same identifier (name{page.}) has been already used, duplica
te ignored
<to be read again> 
                   \relax 
l.131 ...o/avtorske_pravice} \clearemptydoublepage
                                                   [4

]
(./front_pages/slo/zahvala.tex)pdfTeX warning (ext4): destination with the same
 identifier (name{page.}) has been already used, duplicate ignored
<to be read again> 
                   \relax 
l.134 ..._pages/slo/zahvala} \clearemptydoublepage
                                                   [5]pdfTeX warning (ext4): de
stination with the same identifier (name{page.}) has been already used, duplica
te ignored
<to be read again> 
                   \relax 
l.134 ..._pages/slo/zahvala} \clearemptydoublepage
                                                   [6

]
(./front_pages/slo/posvetilo.tex
Underfull \hbox (badness 10000) in paragraph at lines 3--5

 []


Underfull \hbox (badness 1264) in paragraph at lines 3--5
\OT1/cmr/m/it/12 ''The only rea-son for time is so that
 []

)pdfTeX warning (ext4): destination with the same identifier (name{page.}) has 
been already used, duplicate ignored
<to be read again> 
                   \relax 
l.136 ...ages/slo/posvetilo} \clearemptydoublepage
                                                   [7]pdfTeX warning (ext4): de
stination with the same identifier (name{page.}) has been already used, duplica
te ignored
<to be read again> 
                   \relax 
l.136 ...ages/slo/posvetilo} \clearemptydoublepage
                                                   [8

]

Package hyperref Warning: Option `colorlinks' has already been used,
(hyperref)                setting the option has no effect on input line 154.

(./thesis_template.toc)
\tf@toc=\write4
\openout4 = `thesis_template.toc'.

pdfTeX warning (ext4): destination with the same identifier (name{page.}) has b
een already used, duplicate ignored
<to be read again> 
                   \relax 
l.157 	\clearemptydoublepage
                             [9

]pdfTeX warning (ext4): destination with the same identifier (name{page.}) has 
been already used, duplicate ignored
<to be read again> 
                   \relax 
l.157 	\clearemptydoublepage
                             [10

] (./front_pages/slo/kratice.tex)
Overfull \hbox (38.4283pt too wide) in paragraph at lines 3--163
[]
 []


Underfull \hbox (badness 10000) in paragraph at lines 3--163

 []

pdfTeX warning (ext4): destination with the same identifier (name{page.}) has b
een already used, duplicate ignored
<to be read again> 
                   \relax 
l.163 ..._pages/slo/kratice} \clearemptydoublepage
                                                   [11

]pdfTeX warning (ext4): destination with the same identifier (name{page.}) has 
been already used, duplicate ignored
<to be read again> 
                   \relax 
l.163 ..._pages/slo/kratice} \clearemptydoublepage
                                                   [12

]
(./front_pages/slo/povzetek.tex
Package babel Info: Redefining slovene shorthand "|
(babel)             in language  on input line 6.
Package babel Info: Redefining slovene shorthand "|
(babel)             in language  on input line 16.
Package babel Info: Redefining slovene shorthand "|
(babel)             in language  on input line 16.
pdfTeX warning (ext4): destination with the same identifier (name{page.}) has b
een already used, duplicate ignored
<to be read again> 
                   \relax 
l.16 \clearemptydoublepage
                           [1


]
Package babel Info: Redefining slovene shorthand "|
(babel)             in language  on input line 16.
Package babel Info: Redefining slovene shorthand "|
(babel)             in language  on input line 16.
pdfTeX warning (ext4): destination with the same identifier (name{page.}) has b
een already used, duplicate ignored
<to be read again> 
                   \relax 
l.16 \clearemptydoublepage
                           [2

]) (./front_pages/eng/abstract.texpdfTeX warning (ext4): destination with the s
ame identifier (name{page.}) has been already used, duplicate ignored
<to be read again> 
                   \relax 
l.16 \clearemptydoublepage
                           [3

]pdfTeX warning (ext4): destination with the same identifier (name{page.}) has 
been already used, duplicate ignored
<to be read again> 
                   \relax 
l.16 \clearemptydoublepage
                           [4

]))
Poglavje 1.
Package babel Info: Redefining slovene shorthand "|
(babel)             in language  on input line 68.

Package hyperref Warning: Composite letter `\textasciicaron+c'
(hyperref)                not defined in PD1 encoding,
(hyperref)                removing `\textasciicaron' on input line 68.

Package babel Info: Redefining slovene shorthand "|
(babel)             in language  on input line 71.
<./figures/images/autoencoder_schema.png, id=127, 513.92pt x 162.6075pt>
File: ./figures/images/autoencoder_schema.png Graphic file (type png)

<use ./figures/images/autoencoder_schema.png>
Package pdftex.def Info: ./figures/images/autoencoder_schema.png used on input 
line 83.
(pdftex.def)             Requested size: 136.50238pt x 43.19002pt.
Package babel Info: Redefining slovene shorthand "|
(babel)             in language  on input line 99.
Package babel Info: Redefining slovene shorthand "|
(babel)             in language  on input line 99.
 [1


 <./figures/images/autoencoder_schema.png>]
<./figures/images/autoencoder.png, id=138, 261.97874pt x 264.99pt>
File: ./figures/images/autoencoder.png Graphic file (type png)

<use ./figures/images/autoencoder.png>
Package pdftex.def Info: ./figures/images/autoencoder.png used on input line 10
2.
(pdftex.def)             Requested size: 136.50238pt x 138.07458pt.

<./figures/images/gan_schema.png, id=142, 379.4175pt x 258.9675pt>
File: ./figures/images/gan_schema.png Graphic file (type png)

<use ./figures/images/gan_schema.png>
Package pdftex.def Info: ./figures/images/gan_schema.png used on input line 115
.
(pdftex.def)             Requested size: 136.50238pt x 93.16895pt.

Underfull \vbox (badness 10000) has occurred while \output is active []



Package Fancyhdr Warning: \headheight is too small (12.0pt): 
 Make it at least 14.92502pt.
 We now make it that large for the rest of the document.
 This may cause the page layout to be inconsistent, however.

Package babel Info: Redefining slovene shorthand "|
(babel)             in language  on input line 119.
Package babel Info: Redefining slovene shorthand "|
(babel)             in language  on input line 119.
[2 <./figures/images/autoencoder.png>]
Underfull \vbox (badness 1365) has occurred while \output is active []

Package babel Info: Redefining slovene shorthand "|
(babel)             in language  on input line 125.
Package babel Info: Redefining slovene shorthand "|
(babel)             in language  on input line 125.
 [3 <./figures/images/gan_schema.png>]
Package hyperref Info: bookmark level for unknown algorithm defaults to 0 on in
put line 129.

Underfull \hbox (badness 1147) in paragraph at lines 134--135
[] \OT1/cmr/m/n/12 Vzor^^Tci $\OML/cmm/m/it/12 m$ \OT1/cmr/m/n/12 vzor-cev $\OM
S/cmsy/m/n/12 f\OML/cmm/m/it/12 x[]; [] ; x[]\OMS/cmsy/m/n/12 g$ \OT1/cmr/m/n/1
2 iz po-raz-de-li-tvne po-dat-kov
 []

Package babel Info: Redefining slovene shorthand "|
(babel)             in language  on input line 150.
Package babel Info: Redefining slovene shorthand "|
(babel)             in language  on input line 150.
[4]
Package babel Info: Redefining slovene shorthand "|
(babel)             in language  on input line 181.
Package babel Info: Redefining slovene shorthand "|
(babel)             in language  on input line 181.
 [5]
Package babel Info: Redefining slovene shorthand "|
(babel)             in language  on input line 192.
Package babel Info: Redefining slovene shorthand "|
(babel)             in language  on input line 192.
 [6]
Package babel Info: Redefining slovene shorthand "|
(babel)             in language  on input line 245.
Package babel Info: Redefining slovene shorthand "|
(babel)             in language  on input line 245.
 [7]
Package babel Info: Redefining slovene shorthand "|
(babel)             in language  on input line 255.
Package babel Info: Redefining slovene shorthand "|
(babel)             in language  on input line 255.
 [8]
LaTeX Font Info:    Font shape `OMS/cmr/m/n' in size <12> not available
(Font)              Font shape `OMS/cmsy/m/n' tried instead on input line 256.

Overfull \hbox (6.51692pt too wide) in paragraph at lines 265--267
[]\OT1/cmr/bx/n/12 Univerzalni apro-ksi-ma-tor \OT1/cmr/m/n/12 To si pred-sta-v
ljamo kot po-splo^^Tsitev prej^^Tsne
 []

Package babel Info: Redefining slovene shorthand "|
(babel)             in language  on input line 272.
Package babel Info: Redefining slovene shorthand "|
(babel)             in language  on input line 272.
[9]
Package babel Info: Redefining slovene shorthand "|
(babel)             in language  on input line 278.

Overfull \hbox (1.3015pt too wide) in paragraph at lines 279--291
\OT1/cmr/m/n/12 Pri ge-o-me-tri^^Tcnih mo-de-lih ustva-rimo mre^^Tzo klju^^Tcni
h to^^Tck na ^^Tclove^^Tskem obrazu.
 []


Underfull \hbox (badness 10000) in paragraph at lines 279--291

 []

Package babel Info: Redefining slovene shorthand "|
(babel)             in language  on input line 291.
Package babel Info: Redefining slovene shorthand "|
(babel)             in language  on input line 291.
[10]
Package babel Info: Redefining slovene shorthand "|
(babel)             in language  on input line 308.
Package babel Info: Redefining slovene shorthand "|
(babel)             in language  on input line 308.
 [11]
Overfull \hbox (7.66809pt too wide) in paragraph at lines 312--335
\OT1/cmr/m/n/12 Oblika dis-kri-mi-na-torja je si-me-tri^^Tcna tej, z raz-liko d
a na-me-sto obra-tno kora^^Tcnih,
 []

Package babel Info: Redefining slovene shorthand "|
(babel)             in language  on input line 335.
Package babel Info: Redefining slovene shorthand "|
(babel)             in language  on input line 335.
[12] <cgan_architecture.png, id=246, 983.675pt x 387.4475pt>
File: cgan_architecture.png Graphic file (type png)

<use cgan_architecture.png>
Package pdftex.def Info: cgan_architecture.png used on input line 342.
(pdftex.def)             Requested size: 272.99881pt x 107.52681pt.

Overfull \hbox (8.60619pt too wide) in paragraph at lines 348--348
[]\OT1/cmr/bx/n/14.4 Staranje z upo-rabo po-na-vljajo^^Tcih ne-vron-skih mre^^T
z 
 []


LaTeX Warning: Citation `wang2016recurrent' on page 13 undefined on input line 
349.


LaTeX Warning: Citation `wang2016recurrent' on page 13 undefined on input line 
354.


Underfull \vbox (badness 10000) has occurred while \output is active []

Package babel Info: Redefining slovene shorthand "|
(babel)             in language  on input line 358.
Package babel Info: Redefining slovene shorthand "|
(babel)             in language  on input line 358.
 [13 <./cgan_architecture.png>]
Package babel Info: Redefining slovene shorthand "|
(babel)             in language  on input line 368.
Package babel Info: Redefining slovene shorthand "|
(babel)             in language  on input line 368.
 [14]
Package babel Info: Redefining slovene shorthand "|
(babel)             in language  on input line 391.
Package babel Info: Redefining slovene shorthand "|
(babel)             in language  on input line 391.
 [15]
Package babel Info: Redefining slovene shorthand "|
(babel)             in language  on input line 404.
Package babel Info: Redefining slovene shorthand "|
(babel)             in language  on input line 404.
 [16]
Poglavje 2.
Package babel Info: Redefining slovene shorthand "|
(babel)             in language  on input line 404.

Overfull \hbox (4.92645pt too wide) in paragraph at lines 405--408
\OT1/cmr/m/n/12 Za im-ple-men-ta-cijo razli^^Tcnih mo-de-lov, je bila upo-ra-bl
jena pro-gram-ska knji^^Tznica
 []


LaTeX Warning: Citation `utkface' on page 17 undefined on input line 409.

LaTeX Font Info:    Try loading font information for OML+cmr on input line 430.

(/usr/local/texlive/2015/texmf-dist/tex/latex/base/omlcmr.fd
File: omlcmr.fd 2014/09/29 v2.5h Standard LaTeX font definitions
)
LaTeX Font Info:    Font shape `OML/cmr/m/n' in size <12> not available
(Font)              Font shape `OML/cmm/m/it' tried instead on input line 430.

Underfull \vbox (badness 5260) has occurred while \output is active []

Package babel Info: Redefining slovene shorthand "|
(babel)             in language  on input line 435.
Package babel Info: Redefining slovene shorthand "|
(babel)             in language  on input line 435.
 [17

]
Package babel Info: Redefining slovene shorthand "|
(babel)             in language  on input line 440.
Package babel Info: Redefining slovene shorthand "|
(babel)             in language  on input line 446.
Package babel Info: Redefining slovene shorthand "|
(babel)             in language  on input line 446.

[18]
<./figures/images/cgan_dense_architecture.png, id=295, 587.69562pt x 327.97531p
t>
File: ./figures/images/cgan_dense_architecture.png Graphic file (type png)
 <use ./figures/images/cgan_dense_architecture.png>
Package pdftex.def Info: ./figures/images/cgan_dense_architecture.png used on i
nput line 461.
(pdftex.def)             Requested size: 370.49881pt x 206.76566pt.
Package babel Info: Redefining slovene shorthand "|
(babel)             in language  on input line 472.
Package babel Info: Redefining slovene shorthand "|
(babel)             in language  on input line 472.
 [19]
<./figures/images/cgan_loss.png, id=305, 719.68875pt x 657.95813pt>
File: ./figures/images/cgan_loss.png Graphic file (type png)

<use ./figures/images/cgan_loss.png>
Package pdftex.def Info: ./figures/images/cgan_loss.png used on input line 478.

(pdftex.def)             Requested size: 292.5pt x 267.41531pt.
Package babel Info: Redefining slovene shorthand "|
(babel)             in language  on input line 481.
Package babel Info: Redefining slovene shorthand "|
(babel)             in language  on input line 481.
 [20 <./figures/images/cgan_dense_architecture.png>]
Package babel Info: Redefining slovene shorthand "|
(babel)             in language  on input line 491.
Package babel Info: Redefining slovene shorthand "|
(babel)             in language  on input line 491.
 [21 <./figures/images/cgan_loss.png>]
<./figures/images/cgan_generated.png, id=321, 642.4pt x 410.53375pt>
File: ./figures/images/cgan_generated.png Graphic file (type png)

<use ./figures/images/cgan_generated.png>
Package pdftex.def Info: ./figures/images/cgan_generated.png used on input line
 495.
(pdftex.def)             Requested size: 234.00238pt x 149.53975pt.
Package babel Info: Redefining slovene shorthand "|
(babel)             in language  on input line 500.
Package babel Info: Redefining slovene shorthand "|
(babel)             in language  on input line 511.
Package babel Info: Redefining slovene shorthand "|
(babel)             in language  on input line 511.
 [22 <./figures/images/cgan_generated.png>]
Overfull \hbox (10.34256pt too wide) in paragraph at lines 536--537
[]\OT1/cmr/m/n/12 kjer nam $^^E(\U/msb/m/n/12 P[]\OML/cmm/m/it/12 ; \U/msb/m/n/
12 P[]\OT1/cmr/m/n/12 )$ pred-sta-vlja mno^^Tzico vseh sku-pnih po-raz-de-li-te
v $\OML/cmm/m/it/12 ^^M\OT1/cmr/m/n/12 (\OML/cmm/m/it/12 x; y\OT1/cmr/m/n/12 )$
,
 []

Package babel Info: Redefining slovene shorthand "|
(babel)             in language  on input line 570.
Package babel Info: Redefining slovene shorthand "|
(babel)             in language  on input line 570.
[23]
Package babel Info: Redefining slovene shorthand "|
(babel)             in language  on input line 570.
Package babel Info: Redefining slovene shorthand "|
(babel)             in language  on input line 570.
 [24]
<./figures/images/cwgan_generator_a.png, id=348, 668.4975pt x 252.19218pt>
File: ./figures/images/cwgan_generator_a.png Graphic file (type png)

<use ./figures/images/cwgan_generator_a.png>
Package pdftex.def Info: ./figures/images/cwgan_generator_a.png used on input l
ine 578.
(pdftex.def)             Requested size: 331.50238pt x 125.06447pt.

<./figures/images/cwgan_conv_results.png, id=350, 803.0pt x 456.70625pt>
File: ./figures/images/cwgan_conv_results.png Graphic file (type png)

<use ./figures/images/cwgan_conv_results.png>
Package pdftex.def Info: ./figures/images/cwgan_conv_results.png used on input 
line 595.
(pdftex.def)             Requested size: 195.0pt x 110.90793pt.
Package babel Info: Redefining slovene shorthand "|
(babel)             in language  on input line 600.
Package babel Info: Redefining slovene shorthand "|
(babel)             in language  on input line 600.
 [25 <./figures/images/cwgan_generator_a.png>]
<./figures/images/loss_graph_wgan_conv.png, id=359, 431.6125pt x 411.03563pt>
File: ./figures/images/loss_graph_wgan_conv.png Graphic file (type png)

<use ./figures/images/loss_graph_wgan_conv.png>
Package pdftex.def Info: ./figures/images/loss_graph_wgan_conv.png used on inpu
t line 605.
(pdftex.def)             Requested size: 195.0pt x 185.69814pt.
Package babel Info: Redefining slovene shorthand "|
(babel)             in language  on input line 615.
Package babel Info: Redefining slovene shorthand "|
(babel)             in language  on input line 615.
 [26 <./figures/images/cwgan_conv_results.png>]
<./figures/images/cwgan_dense_noise.png, id=369, 271.0125pt x 128.48pt>
File: ./figures/images/cwgan_dense_noise.png Graphic file (type png)

<use ./figures/images/cwgan_dense_noise.png>
Package pdftex.def Info: ./figures/images/cwgan_dense_noise.png used on input l
ine 618.
(pdftex.def)             Requested size: 77.99881pt x 36.97594pt.

<./figures/images/cwgan_dense_loss_graph.png, id=371, 1323.94624pt x 743.77875p
t>
File: ./figures/images/cwgan_dense_loss_graph.png Graphic file (type png)
 <use ./figures/images/cwgan_dense_loss_graph.png>
Package pdftex.def Info: ./figures/images/cwgan_dense_loss_graph.png used on in
put line 628.
(pdftex.def)             Requested size: 312.00119pt x 175.27603pt.
Package babel Info: Redefining slovene shorthand "|
(babel)             in language  on input line 633.
Package babel Info: Redefining slovene shorthand "|
(babel)             in language  on input line 633.
 [27 <./figures/images/loss_graph_wgan_conv.png> <./figures/images/cwgan_dense_
noise.png>]
Package babel Info: Redefining slovene shorthand "|
(babel)             in language  on input line 634.
Package babel Info: Redefining slovene shorthand "|
(babel)             in language  on input line 642.
Package babel Info: Redefining slovene shorthand "|
(babel)             in language  on input line 642.
 [28 <./figures/images/cwgan_dense_loss_graph.png>]
<./figures/images/bicogan_shema.png, id=394, 1314.9125pt x 645.41125pt>
File: ./figures/images/bicogan_shema.png Graphic file (type png)

<use ./figures/images/bicogan_shema.png>
Package pdftex.def Info: ./figures/images/bicogan_shema.png used on input line 
652.
(pdftex.def)             Requested size: 272.99881pt x 133.9942pt.

Overfull \hbox (1.14604pt too wide) in paragraph at lines 657--661
[][]\OT1/cmr/m/n/12 Ce se nana^^Tsamo na oznake, de-fi-ni-rane v po-glavju o na
-va-dnih GAN mre^^Tzah,
 []

Package babel Info: Redefining slovene shorthand "|
(babel)             in language  on input line 661.
Package babel Info: Redefining slovene shorthand "|
(babel)             in language  on input line 661.
[29 <./figures/images/bicogan_shema.png>]
<./figures/images/bicogan_encoder.png, id=407, 200.75pt x 100.375pt>
File: ./figures/images/bicogan_encoder.png Graphic file (type png)

<use ./figures/images/bicogan_encoder.png>
Package pdftex.def Info: ./figures/images/bicogan_encoder.png used on input lin
e 667.
(pdftex.def)             Requested size: 272.99881pt x 136.51889pt.

<./figures/images/bicogan_generated_imgs.png, id=408, 1003.75pt x 401.5pt>
File: ./figures/images/bicogan_generated_imgs.png Graphic file (type png)

<use ./figures/images/bicogan_generated_imgs.png>
Package pdftex.def Info: ./figures/images/bicogan_generated_imgs.png used on in
put line 676.
(pdftex.def)             Requested size: 272.99881pt x 109.19675pt.

<./figures/images/bicogan_training.png, id=410, 1257.69875pt x 676.02562pt>
File: ./figures/images/bicogan_training.png Graphic file (type png)

<use ./figures/images/bicogan_training.png>
Package pdftex.def Info: ./figures/images/bicogan_training.png used on input li
ne 684.
(pdftex.def)             Requested size: 272.99881pt x 146.73523pt.
Package babel Info: Redefining slovene shorthand "|
(babel)             in language  on input line 688.
Package babel Info: Redefining slovene shorthand "|
(babel)             in language  on input line 688.
 [30 <./figures/images/bicogan_encoder.png>]
Package babel Info: Redefining slovene shorthand "|
(babel)             in language  on input line 689.
 <./figures/images/vae_shema.png, id=421, 1537.745pt x 395.4775pt>
File: ./figures/images/vae_shema.png Graphic file (type png)

<use ./figures/images/vae_shema.png>
Package pdftex.def Info: ./figures/images/vae_shema.png used on input line 697.

(pdftex.def)             Requested size: 331.50238pt x 85.25531pt.
Package babel Info: Redefining slovene shorthand "|
(babel)             in language  on input line 700.
Package babel Info: Redefining slovene shorthand "|
(babel)             in language  on input line 700.
 [31 <./figures/images/bicogan_generated_imgs.png> <./figures/images/bicogan_tr
aining.png>]
Underfull \hbox (badness 10000) in paragraph at lines 713--721

 []

Package babel Info: Redefining slovene shorthand "|
(babel)             in language  on input line 721.
Package babel Info: Redefining slovene shorthand "|
(babel)             in language  on input line 721.
[32 <./figures/images/vae_shema.png>]
Underfull \vbox (badness 10000) has occurred while \output is active []

Package babel Info: Redefining slovene shorthand "|
(babel)             in language  on input line 726.
Package babel Info: Redefining slovene shorthand "|
(babel)             in language  on input line 726.
 [33]
<./figures/images/vae_classic_conv_encoder.png, id=443, 1040.13594pt x 257.9637
5pt>
File: ./figures/images/vae_classic_conv_encoder.png Graphic file (type png)
 <use ./figures/images/vae_classic_conv_encoder.png>
Package pdftex.def Info: ./figures/images/vae_classic_conv_encoder.png used on 
input line 734.
(pdftex.def)             Requested size: 390.0pt x 96.72435pt.

<./figures/images/vae_classic_conv_decoder.png, id=444, 1119.43219pt x 257.9637
5pt>
File: ./figures/images/vae_classic_conv_decoder.png Graphic file (type png)
 <use ./figures/images/vae_classic_conv_decoder.png>
Package pdftex.def Info: ./figures/images/vae_classic_conv_decoder.png used on 
input line 743.
(pdftex.def)             Requested size: 390.0pt x 89.87141pt.
Package babel Info: Redefining slovene shorthand "|
(babel)             in language  on input line 749.
Package babel Info: Redefining slovene shorthand "|
(babel)             in language  on input line 749.
 [34 <./figures/images/vae_classic_conv_encoder.png>]
<figures/images/vae_id_shema.png, id=457, 809.0225pt x 284.06125pt>
File: figures/images/vae_id_shema.png Graphic file (type png)

<use figures/images/vae_id_shema.png>
Package pdftex.def Info: figures/images/vae_id_shema.png used on input line 756
.
(pdftex.def)             Requested size: 312.00119pt x 109.54811pt.
Package babel Info: Redefining slovene shorthand "|
(babel)             in language  on input line 764.
Package babel Info: Redefining slovene shorthand "|
(babel)             in language  on input line 764.
 [35 <./figures/images/vae_classic_conv_decoder.png> <./figures/images/vae_id_s
hema.png>]
<figures/images/squ_architecture.jpg, id=468, 351.56343pt x 630.85687pt>
File: figures/images/squ_architecture.jpg Graphic file (type jpg)

<use figures/images/squ_architecture.jpg>
Package pdftex.def Info: figures/images/squ_architecture.jpg used on input line
 768.
(pdftex.def)             Requested size: 155.99762pt x 279.92665pt.
Package babel Info: Redefining slovene shorthand "|
(babel)             in language  on input line 779.
Package babel Info: Redefining slovene shorthand "|
(babel)             in language  on input line 779.
 [36 <./figures/images/squ_architecture.jpg>]
Underfull \hbox (badness 10000) in paragraph at lines 782--785

 []

Package babel Info: Redefining slovene shorthand "|
(babel)             in language  on input line 792.
Package babel Info: Redefining slovene shorthand "|
(babel)             in language  on input line 792.
[37] <figures/images/squ_fail.jpg, id=485, 224.84pt x 224.84pt>
File: figures/images/squ_fail.jpg Graphic file (type jpg)

<use figures/images/squ_fail.jpg>
Package pdftex.def Info: figures/images/squ_fail.jpg used on input line 795.
(pdftex.def)             Requested size: 136.50238pt x 136.5072pt.

Underfull \vbox (badness 10000) has occurred while \output is active []

Package babel Info: Redefining slovene shorthand "|
(babel)             in language  on input line 811.
Package babel Info: Redefining slovene shorthand "|
(babel)             in language  on input line 811.
 [38 <./figures/images/squ_fail.jpg>]
<figures/images/inception_artifacts.jpg, id=500, 224.84pt x 224.84pt>
File: figures/images/inception_artifacts.jpg Graphic file (type jpg)

<use figures/images/inception_artifacts.jpg>
Package pdftex.def Info: figures/images/inception_artifacts.jpg used on input l
ine 814.
(pdftex.def)             Requested size: 136.50238pt x 136.5072pt.

Underfull \vbox (badness 10000) has occurred while \output is active []

Package babel Info: Redefining slovene shorthand "|
(babel)             in language  on input line 832.
Package babel Info: Redefining slovene shorthand "|
(babel)             in language  on input line 832.
 [39 <./figures/images/inception_artifacts.jpg>]
<figures/images/non_aligned_imdb.jpg, id=509, 224.84pt x 224.84pt>
File: figures/images/non_aligned_imdb.jpg Graphic file (type jpg)

<use figures/images/non_aligned_imdb.jpg>
Package pdftex.def Info: figures/images/non_aligned_imdb.jpg used on input line
 835.
(pdftex.def)             Requested size: 117.00119pt x 116.9998pt.

Underfull \vbox (badness 1097) has occurred while \output is active []

Package babel Info: Redefining slovene shorthand "|
(babel)             in language  on input line 857.
Package babel Info: Redefining slovene shorthand "|
(babel)             in language  on input line 857.
 [40]
Underfull \vbox (badness 10000) has occurred while \output is active []

Package babel Info: Redefining slovene shorthand "|
(babel)             in language  on input line 857.
Package babel Info: Redefining slovene shorthand "|
(babel)             in language  on input line 857.
 [41 <./figures/images/non_aligned_imdb.jpg>]
Overfull \hbox (4.72617pt too wide) in paragraph at lines 858--858
[]\OT1/cmr/bx/n/14.4 Variacijski au-to-en-ko-der s kon-si-sten-timi glo-bo-kimi

 []

Package babel Info: Redefining slovene shorthand "|
(babel)             in language  on input line 865.
Package babel Info: Redefining slovene shorthand "|
(babel)             in language  on input line 865.
[42]
Package babel Info: Redefining slovene shorthand "|
(babel)             in language  on input line 886.
Package babel Info: Redefining slovene shorthand "|
(babel)             in language  on input line 886.
 [43]
Package babel Info: Redefining slovene shorthand "|
(babel)             in language  on input line 908.
Package babel Info: Redefining slovene shorthand "|
(babel)             in language  on input line 908.
 [44] <figures/images/dfc_wtf.jpg, id=544, 224.84pt x 224.84pt>
File: figures/images/dfc_wtf.jpg Graphic file (type jpg)

<use figures/images/dfc_wtf.jpg>
Package pdftex.def Info: figures/images/dfc_wtf.jpg used on input line 912.
(pdftex.def)             Requested size: 117.00119pt x 116.9998pt.
Package babel Info: Redefining slovene shorthand "|
(babel)             in language  on input line 918.

Underfull \vbox (badness 10000) has occurred while \output is active []

Package babel Info: Redefining slovene shorthand "|
(babel)             in language  on input line 923.
Package babel Info: Redefining slovene shorthand "|
(babel)             in language  on input line 923.
 [45 <./figures/images/dfc_wtf.jpg>]
Package babel Info: Redefining slovene shorthand "|
(babel)             in language  on input line 933.
Package babel Info: Redefining slovene shorthand "|
(babel)             in language  on input line 933.
 [46] (./thesis_template.bbl
Package babel Info: Redefining slovene shorthand "|
(babel)             in language  on input line 1.
Package babel Info: Redefining slovene shorthand "|
(babel)             in language  on input line 1.
 [47]
Package babel Info: Redefining slovene shorthand "|
(babel)             in language  on input line 1.
Package babel Info: Redefining slovene shorthand "|
(babel)             in language  on input line 1.
 [48

]
Overfull \hbox (39.73448pt too wide) in paragraph at lines 9--16
\OT1/cmr/m/n/12 URL [][]$\OT1/cmtt/m/n/12 http : / / papers . nips . cc / paper
 / 5423-[]generative-[]adversarial-[]nets .
 []

Package babel Info: Redefining slovene shorthand "|
(babel)             in language  on input line 45.
Package babel Info: Redefining slovene shorthand "|
(babel)             in language  on input line 45.
[49]
Package babel Info: Redefining slovene shorthand "|
(babel)             in language  on input line 87.
Package babel Info: Redefining slovene shorthand "|
(babel)             in language  on input line 87.
 [50])
Package atveryend Info: Empty hook `BeforeClearDocument' on input line 951.
Package babel Info: Redefining slovene shorthand "|
(babel)             in language  on input line 951.
Package babel Info: Redefining slovene shorthand "|
(babel)             in language  on input line 951.
 [51]
Package atveryend Info: Empty hook `AfterLastShipout' on input line 951.
 (./thesis_template.aux)
Package atveryend Info: Executing hook `AtVeryEndDocument' on input line 951.
Package atveryend Info: Executing hook `AtEndAfterFileList' on input line 951.
Package rerunfilecheck Info: File `thesis_template.out' has not changed.
(rerunfilecheck)             Checksum: C887BAA94E849E7AA7B33D05CA8869EB;662.


LaTeX Warning: There were undefined references.


LaTeX Warning: There were multiply-defined labels.

Package atveryend Info: Empty hook `AtVeryVeryEnd' on input line 951.
 ) 
Here is how much of TeX's memory you used:
 10216 strings out of 493089
 150772 string characters out of 6134842
 261038 words of memory out of 5000000
 13297 multiletter control sequences out of 15000+600000
 15715 words of font info for 59 fonts, out of 8000000 for 9000
 1141 hyphenation exceptions out of 8191
 38i,13n,44p,1140b,513s stack positions out of 5000i,500n,10000p,200000b,80000s
</usr/local/texlive/2015/texmf-dist/fonts/type1/public/amsfonts/cm/cmbx10.pfb
></usr/local/texlive/2015/texmf-dist/fonts/type1/public/amsfonts/cm/cmbx12.pfb>
</usr/local/texlive/2015/texmf-dist/fonts/type1/public/amsfonts/cm/cmcsc10.pfb>
</usr/local/texlive/2015/texmf-dist/fonts/type1/public/amsfonts/cm/cmex10.pfb><
/usr/local/texlive/2015/texmf-dist/fonts/type1/public/amsfonts/cm/cmmi12.pfb></
usr/local/texlive/2015/texmf-dist/fonts/type1/public/amsfonts/cm/cmmi6.pfb></us
r/local/texlive/2015/texmf-dist/fonts/type1/public/amsfonts/cm/cmmi8.pfb></usr/
local/texlive/2015/texmf-dist/fonts/type1/public/amsfonts/cm/cmr10.pfb></usr/lo
cal/texlive/2015/texmf-dist/fonts/type1/public/amsfonts/cm/cmr12.pfb></usr/loca
l/texlive/2015/texmf-dist/fonts/type1/public/amsfonts/cm/cmr17.pfb></usr/local/
texlive/2015/texmf-dist/fonts/type1/public/amsfonts/cm/cmr6.pfb></usr/local/tex
live/2015/texmf-dist/fonts/type1/public/amsfonts/cm/cmr7.pfb></usr/local/texliv
e/2015/texmf-dist/fonts/type1/public/amsfonts/cm/cmr8.pfb></usr/local/texlive/2
015/texmf-dist/fonts/type1/public/amsfonts/cm/cmsl12.pfb></usr/local/texlive/20
15/texmf-dist/fonts/type1/public/amsfonts/cm/cmsy10.pfb></usr/local/texlive/201
5/texmf-dist/fonts/type1/public/amsfonts/cm/cmsy6.pfb></usr/local/texlive/2015/
texmf-dist/fonts/type1/public/amsfonts/cm/cmsy8.pfb></usr/local/texlive/2015/te
xmf-dist/fonts/type1/public/amsfonts/cm/cmti12.pfb></usr/local/texlive/2015/tex
mf-dist/fonts/type1/public/amsfonts/cm/cmtt12.pfb></usr/local/texlive/2015/texm
f-dist/fonts/type1/public/amsfonts/symbols/msbm10.pfb>
Output written on thesis_template.pdf (67 pages, 3105968 bytes).
PDF statistics:
 692 PDF objects out of 1000 (max. 8388607)
 548 compressed objects within 6 object streams
 177 named destinations out of 1000 (max. 500000)
 214 words of extra memory for PDF output out of 10000 (max. 10000000)

